Performing C SOURCE FILE Test CMAKE_HAVE_LIBC_PTHREAD failed with the following output:
Change Dir: /home/anirak/Desktop/Database Technology/Project code/quicksilver/cmake-build-debug/CMakeFiles/CMakeTmp

Run Build Command(s):/usr/bin/make cmTC_625c7/fast && /usr/bin/make -f CMakeFiles/cmTC_625c7.dir/build.make CMakeFiles/cmTC_625c7.dir/build
make[1]: Entering directory '/home/anirak/Documents/TUe/COURSES/Master's/Year_I/Q_3 Database Technology/Project code/quicksilver/cmake-build-debug/CMakeFiles/CMakeTmp'
Building C object CMakeFiles/cmTC_625c7.dir/src.c.o
/usr/bin/cc   -DCMAKE_HAVE_LIBC_PTHREAD   -o CMakeFiles/cmTC_625c7.dir/src.c.o   -c "/home/anirak/Desktop/Database Technology/Project code/quicksilver/cmake-build-debug/CMakeFiles/CMakeTmp/src.c"
Linking C executable cmTC_625c7
/home/anirak/Documents/CLion-2019.3.4/clion-2019.3.4/bin/cmake/linux/bin/cmake -E cmake_link_script CMakeFiles/cmTC_625c7.dir/link.txt --verbose=1
/usr/bin/cc  -DCMAKE_HAVE_LIBC_PTHREAD    -rdynamic CMakeFiles/cmTC_625c7.dir/src.c.o  -o cmTC_625c7 
CMakeFiles/cmTC_625c7.dir/src.c.o: In function `main':
src.c:(.text+0x3e): undefined reference to `pthread_create'
src.c:(.text+0x4a): undefined reference to `pthread_detach'
src.c:(.text+0x5b): undefined reference to `pthread_join'
src.c:(.text+0x6f): undefined reference to `pthread_atfork'
collect2: error: ld returned 1 exit status
CMakeFiles/cmTC_625c7.dir/build.make:86: recipe for target 'cmTC_625c7' failed
make[1]: *** [cmTC_625c7] Error 1
make[1]: Leaving directory '/home/anirak/Documents/TUe/COURSES/Master's/Year_I/Q_3 Database Technology/Project code/quicksilver/cmake-build-debug/CMakeFiles/CMakeTmp'
Makefile:121: recipe for target 'cmTC_625c7/fast' failed
make: *** [cmTC_625c7/fast] Error 2


Source file was:
#include <pthread.h>

void* test_func(void* data)
{
  return data;
}

int main(void)
{
  pthread_t thread;
  pthread_create(&thread, NULL, test_func, NULL);
  pthread_detach(thread);
  pthread_join(thread, NULL);
  pthread_atfork(NULL, NULL, NULL);
  pthread_exit(NULL);

  return 0;
}

Determining if the function pthread_create exists in the pthreads failed with the following output:
Change Dir: /home/anirak/Desktop/Database Technology/Project code/quicksilver/cmake-build-debug/CMakeFiles/CMakeTmp

Run Build Command(s):/usr/bin/make cmTC_889c9/fast && /usr/bin/make -f CMakeFiles/cmTC_889c9.dir/build.make CMakeFiles/cmTC_889c9.dir/build
make[1]: Entering directory '/home/anirak/Documents/TUe/COURSES/Master's/Year_I/Q_3 Database Technology/Project code/quicksilver/cmake-build-debug/CMakeFiles/CMakeTmp'
Building C object CMakeFiles/cmTC_889c9.dir/CheckFunctionExists.c.o
/usr/bin/cc   -DCHECK_FUNCTION_EXISTS=pthread_create   -o CMakeFiles/cmTC_889c9.dir/CheckFunctionExists.c.o   -c /home/anirak/Documents/CLion-2019.3.4/clion-2019.3.4/bin/cmake/linux/share/cmake-3.15/Modules/CheckFunctionExists.c
Linking C executable cmTC_889c9
/home/anirak/Documents/CLion-2019.3.4/clion-2019.3.4/bin/cmake/linux/bin/cmake -E cmake_link_script CMakeFiles/cmTC_889c9.dir/link.txt --verbose=1
/usr/bin/cc  -DCHECK_FUNCTION_EXISTS=pthread_create    -rdynamic CMakeFiles/cmTC_889c9.dir/CheckFunctionExists.c.o  -o cmTC_889c9 -lpthreads 
/usr/bin/ld: cannot find -lpthreads
collect2: error: ld returned 1 exit status
CMakeFiles/cmTC_889c9.dir/build.make:86: recipe for target 'cmTC_889c9' failed
make[1]: *** [cmTC_889c9] Error 1
make[1]: Leaving directory '/home/anirak/Documents/TUe/COURSES/Master's/Year_I/Q_3 Database Technology/Project code/quicksilver/cmake-build-debug/CMakeFiles/CMakeTmp'
Makefile:121: recipe for target 'cmTC_889c9/fast' failed
make: *** [cmTC_889c9/fast] Error 2



Determining if the include file filesystem exists failed with the following output:
Change Dir: /home/anirak/Desktop/Database Technology/Project code/quicksilver/cmake-build-debug/CMakeFiles/CMakeTmp

Run Build Command(s):/usr/bin/make cmTC_ad65b/fast && /usr/bin/make -f CMakeFiles/cmTC_ad65b.dir/build.make CMakeFiles/cmTC_ad65b.dir/build
make[1]: Entering directory '/home/anirak/Documents/TUe/COURSES/Master's/Year_I/Q_3 Database Technology/Project code/quicksilver/cmake-build-debug/CMakeFiles/CMakeTmp'
Building CXX object CMakeFiles/cmTC_ad65b.dir/CheckIncludeFile.cxx.o
/usr/bin/c++    -std=c++17   -o CMakeFiles/cmTC_ad65b.dir/CheckIncludeFile.cxx.o -c "/home/anirak/Desktop/Database Technology/Project code/quicksilver/cmake-build-debug/CMakeFiles/CMakeTmp/CheckIncludeFile.cxx"
/home/anirak/Desktop/Database Technology/Project code/quicksilver/cmake-build-debug/CMakeFiles/CMakeTmp/CheckIncludeFile.cxx:1:10: fatal error: filesystem: No such file or directory
 #include <filesystem>
          ^~~~~~~~~~~~
compilation terminated.
CMakeFiles/cmTC_ad65b.dir/build.make:65: recipe for target 'CMakeFiles/cmTC_ad65b.dir/CheckIncludeFile.cxx.o' failed
make[1]: *** [CMakeFiles/cmTC_ad65b.dir/CheckIncludeFile.cxx.o] Error 1
make[1]: Leaving directory '/home/anirak/Documents/TUe/COURSES/Master's/Year_I/Q_3 Database Technology/Project code/quicksilver/cmake-build-debug/CMakeFiles/CMakeTmp'
Makefile:121: recipe for target 'cmTC_ad65b/fast' failed
make: *** [cmTC_ad65b/fast] Error 2



